<?xml version="1.0" encoding="UTF-8" ?>
<testsuite tests="10" failures="0" name="Sign.SignTest" time="6.804" errors="0" skipped="0">
  <properties>
[...]
</properties>
  <testcase classname="Sign.SignTest" name="testBase64_Key_Encode" time="0.01"/>
  <testcase classname="Sign.SignTest" name="testCfdiBuilder" time="6.113"/>
  <testcase classname="Sign.SignTest" name="testGetSign" time="0.277"/>
  <testcase classname="Sign.SignTest" name="testBusiness_Name_Get" time="0.007"/>
  <testcase classname="Sign.SignTest" name="testNoCertificate" time="0.001"/>
  <testcase classname="Sign.SignTest" name="testRfc_get" time="0.001"/>
  <testcase classname="Sign.SignTest" name="testBase64_Cer_Encode" time="0.004"/>
  <testcase classname="Sign.SignTest" name="testJavaVersion" time="0"/>
  <testcase classname="Sign.SignTest" name="testValidity_start_Cert_Get" time="0"/>
  <testcase classname="Sign.SignTest" name="testValidity_end_Cert_Get" time="0"/>
</testsuite>